d:\downloads\github_project\sfml template\consoleapplication1\x64\debug\vc145.pdb
d:\downloads\github_project\sfml template\consoleapplication1\x64\debug\vc145.idb
d:\downloads\github_project\sfml template\consoleapplication1\x64\debug\zombie.obj
d:\downloads\github_project\sfml template\consoleapplication1\x64\debug\player.obj
d:\downloads\github_project\sfml template\consoleapplication1\x64\debug\main.obj
d:\downloads\github_project\sfml template\x64\debug\sfml template.exe
d:\downloads\github_project\sfml template\x64\debug\sfml template.pdb
d:\downloads\github_project\sfml template\consoleapplication1\x64\debug\sfml template.ilk
d:\downloads\github_project\sfml template\consoleapplication1\x64\debug\consoleapplication1.obj
d:\downloads\github_project\sfml template\consoleapplication1\x64\debug\consoleapplication1.ilk
d:\downloads\github_project\sfml template\consoleapplication1\x64\debug\vc143.idb
d:\downloads\github_project\sfml template\consoleapplication1\x64\debug\vc143.pdb
d:\downloads\github_project\sfml template\consoleapplication1\x64\debug\sfml template.tlog\cl.command.1.tlog
d:\downloads\github_project\sfml template\consoleapplication1\x64\debug\sfml template.tlog\cl.items.tlog
d:\downloads\github_project\sfml template\consoleapplication1\x64\debug\sfml template.tlog\cl.read.1.tlog
d:\downloads\github_project\sfml template\consoleapplication1\x64\debug\sfml template.tlog\cl.write.1.tlog
d:\downloads\github_project\sfml template\consoleapplication1\x64\debug\sfml template.tlog\link-cvtres.read.1.tlog
d:\downloads\github_project\sfml template\consoleapplication1\x64\debug\sfml template.tlog\link-cvtres.write.1.tlog
d:\downloads\github_project\sfml template\consoleapplication1\x64\debug\sfml template.tlog\link-rc.read.1.tlog
d:\downloads\github_project\sfml template\consoleapplication1\x64\debug\sfml template.tlog\link-rc.write.1.tlog
d:\downloads\github_project\sfml template\consoleapplication1\x64\debug\sfml template.tlog\link.15040-cvtres.read.1.tlog
d:\downloads\github_project\sfml template\consoleapplication1\x64\debug\sfml template.tlog\link.15040-cvtres.write.1.tlog
d:\downloads\github_project\sfml template\consoleapplication1\x64\debug\sfml template.tlog\link.15040-rc.read.1.tlog
d:\downloads\github_project\sfml template\consoleapplication1\x64\debug\sfml template.tlog\link.15040-rc.write.1.tlog
d:\downloads\github_project\sfml template\consoleapplication1\x64\debug\sfml template.tlog\link.15040.read.1.tlog
d:\downloads\github_project\sfml template\consoleapplication1\x64\debug\sfml template.tlog\link.15040.read.2.tlog
d:\downloads\github_project\sfml template\consoleapplication1\x64\debug\sfml template.tlog\link.15040.write.1.tlog
d:\downloads\github_project\sfml template\consoleapplication1\x64\debug\sfml template.tlog\link.command.1.tlog
d:\downloads\github_project\sfml template\consoleapplication1\x64\debug\sfml template.tlog\link.read.1.tlog
d:\downloads\github_project\sfml template\consoleapplication1\x64\debug\sfml template.tlog\link.read.2.tlog
d:\downloads\github_project\sfml template\consoleapplication1\x64\debug\sfml template.tlog\link.secondary.1.tlog
d:\downloads\github_project\sfml template\consoleapplication1\x64\debug\sfml template.tlog\link.write.1.tlog
